   0  $accept : %entry% $end

   1  toplevel : LABEL
   2           | expr NEWLINE

   3  expr : ADD REG REG REG
   4       | SUB REG REG REG
   5       | SLL REG REG REG
   6       | SLT REG REG REG
   7       | XOR REG REG REG
   8       | SRL REG REG REG
   9       | SRA REG REG REG
  10       | OR REG REG REG
  11       | ADDI REG REG IMM
  12       | SLTI REG REG IMM
  13       | XORI REG REG IMM
  14       | ORI REG REG IMM
  15       | ANDI REG REG IMM
  16       | SLLI REG REG IMM
  17       | SRLI REG REG IMM
  18       | SRAI REG REG IMM
  19       | BEQ REG REG JMPLABEL
  20       | BNE REG REG JMPLABEL
  21       | BLT REG REG JMPLABEL
  22       | BGE REG REG JMPLABEL
  23       | LUI REG IMM
  24       | AUIPC REG IMM
  25       | JAL REG JMPLABEL
  26       | JALR REG REG IMM

  27  %entry% : '\001' toplevel

state 0
	$accept : . %entry% $end  (0)

	'\001'  shift 1
	.  error

	%entry%  goto 2


state 1
	%entry% : '\001' . toplevel  (27)

	ADD  shift 3
	SUB  shift 4
	SLL  shift 5
	SLT  shift 6
	XOR  shift 7
	SRL  shift 8
	SRA  shift 9
	OR  shift 10
	ADDI  shift 11
	SLTI  shift 12
	XORI  shift 13
	ORI  shift 14
	ANDI  shift 15
	SLLI  shift 16
	SRLI  shift 17
	SRAI  shift 18
	BEQ  shift 19
	BNE  shift 20
	BLT  shift 21
	BGE  shift 22
	LUI  shift 23
	AUIPC  shift 24
	JAL  shift 25
	JALR  shift 26
	LABEL  shift 27
	.  error

	toplevel  goto 28
	expr  goto 29


state 2
	$accept : %entry% . $end  (0)

	$end  accept


state 3
	expr : ADD . REG REG REG  (3)

	REG  shift 30
	.  error


state 4
	expr : SUB . REG REG REG  (4)

	REG  shift 31
	.  error


state 5
	expr : SLL . REG REG REG  (5)

	REG  shift 32
	.  error


state 6
	expr : SLT . REG REG REG  (6)

	REG  shift 33
	.  error


state 7
	expr : XOR . REG REG REG  (7)

	REG  shift 34
	.  error


state 8
	expr : SRL . REG REG REG  (8)

	REG  shift 35
	.  error


state 9
	expr : SRA . REG REG REG  (9)

	REG  shift 36
	.  error


state 10
	expr : OR . REG REG REG  (10)

	REG  shift 37
	.  error


state 11
	expr : ADDI . REG REG IMM  (11)

	REG  shift 38
	.  error


state 12
	expr : SLTI . REG REG IMM  (12)

	REG  shift 39
	.  error


state 13
	expr : XORI . REG REG IMM  (13)

	REG  shift 40
	.  error


state 14
	expr : ORI . REG REG IMM  (14)

	REG  shift 41
	.  error


state 15
	expr : ANDI . REG REG IMM  (15)

	REG  shift 42
	.  error


state 16
	expr : SLLI . REG REG IMM  (16)

	REG  shift 43
	.  error


state 17
	expr : SRLI . REG REG IMM  (17)

	REG  shift 44
	.  error


state 18
	expr : SRAI . REG REG IMM  (18)

	REG  shift 45
	.  error


state 19
	expr : BEQ . REG REG JMPLABEL  (19)

	REG  shift 46
	.  error


state 20
	expr : BNE . REG REG JMPLABEL  (20)

	REG  shift 47
	.  error


state 21
	expr : BLT . REG REG JMPLABEL  (21)

	REG  shift 48
	.  error


state 22
	expr : BGE . REG REG JMPLABEL  (22)

	REG  shift 49
	.  error


state 23
	expr : LUI . REG IMM  (23)

	REG  shift 50
	.  error


state 24
	expr : AUIPC . REG IMM  (24)

	REG  shift 51
	.  error


state 25
	expr : JAL . REG JMPLABEL  (25)

	REG  shift 52
	.  error


state 26
	expr : JALR . REG REG IMM  (26)

	REG  shift 53
	.  error


state 27
	toplevel : LABEL .  (1)

	.  reduce 1


state 28
	%entry% : '\001' toplevel .  (27)

	.  reduce 27


state 29
	toplevel : expr . NEWLINE  (2)

	NEWLINE  shift 54
	.  error


state 30
	expr : ADD REG . REG REG  (3)

	REG  shift 55
	.  error


state 31
	expr : SUB REG . REG REG  (4)

	REG  shift 56
	.  error


state 32
	expr : SLL REG . REG REG  (5)

	REG  shift 57
	.  error


state 33
	expr : SLT REG . REG REG  (6)

	REG  shift 58
	.  error


state 34
	expr : XOR REG . REG REG  (7)

	REG  shift 59
	.  error


state 35
	expr : SRL REG . REG REG  (8)

	REG  shift 60
	.  error


state 36
	expr : SRA REG . REG REG  (9)

	REG  shift 61
	.  error


state 37
	expr : OR REG . REG REG  (10)

	REG  shift 62
	.  error


state 38
	expr : ADDI REG . REG IMM  (11)

	REG  shift 63
	.  error


state 39
	expr : SLTI REG . REG IMM  (12)

	REG  shift 64
	.  error


state 40
	expr : XORI REG . REG IMM  (13)

	REG  shift 65
	.  error


state 41
	expr : ORI REG . REG IMM  (14)

	REG  shift 66
	.  error


state 42
	expr : ANDI REG . REG IMM  (15)

	REG  shift 67
	.  error


state 43
	expr : SLLI REG . REG IMM  (16)

	REG  shift 68
	.  error


state 44
	expr : SRLI REG . REG IMM  (17)

	REG  shift 69
	.  error


state 45
	expr : SRAI REG . REG IMM  (18)

	REG  shift 70
	.  error


state 46
	expr : BEQ REG . REG JMPLABEL  (19)

	REG  shift 71
	.  error


state 47
	expr : BNE REG . REG JMPLABEL  (20)

	REG  shift 72
	.  error


state 48
	expr : BLT REG . REG JMPLABEL  (21)

	REG  shift 73
	.  error


state 49
	expr : BGE REG . REG JMPLABEL  (22)

	REG  shift 74
	.  error


state 50
	expr : LUI REG . IMM  (23)

	IMM  shift 75
	.  error


state 51
	expr : AUIPC REG . IMM  (24)

	IMM  shift 76
	.  error


state 52
	expr : JAL REG . JMPLABEL  (25)

	JMPLABEL  shift 77
	.  error


state 53
	expr : JALR REG . REG IMM  (26)

	REG  shift 78
	.  error


state 54
	toplevel : expr NEWLINE .  (2)

	.  reduce 2


state 55
	expr : ADD REG REG . REG  (3)

	REG  shift 79
	.  error


state 56
	expr : SUB REG REG . REG  (4)

	REG  shift 80
	.  error


state 57
	expr : SLL REG REG . REG  (5)

	REG  shift 81
	.  error


state 58
	expr : SLT REG REG . REG  (6)

	REG  shift 82
	.  error


state 59
	expr : XOR REG REG . REG  (7)

	REG  shift 83
	.  error


state 60
	expr : SRL REG REG . REG  (8)

	REG  shift 84
	.  error


state 61
	expr : SRA REG REG . REG  (9)

	REG  shift 85
	.  error


state 62
	expr : OR REG REG . REG  (10)

	REG  shift 86
	.  error


state 63
	expr : ADDI REG REG . IMM  (11)

	IMM  shift 87
	.  error


state 64
	expr : SLTI REG REG . IMM  (12)

	IMM  shift 88
	.  error


state 65
	expr : XORI REG REG . IMM  (13)

	IMM  shift 89
	.  error


state 66
	expr : ORI REG REG . IMM  (14)

	IMM  shift 90
	.  error


state 67
	expr : ANDI REG REG . IMM  (15)

	IMM  shift 91
	.  error


state 68
	expr : SLLI REG REG . IMM  (16)

	IMM  shift 92
	.  error


state 69
	expr : SRLI REG REG . IMM  (17)

	IMM  shift 93
	.  error


state 70
	expr : SRAI REG REG . IMM  (18)

	IMM  shift 94
	.  error


state 71
	expr : BEQ REG REG . JMPLABEL  (19)

	JMPLABEL  shift 95
	.  error


state 72
	expr : BNE REG REG . JMPLABEL  (20)

	JMPLABEL  shift 96
	.  error


state 73
	expr : BLT REG REG . JMPLABEL  (21)

	JMPLABEL  shift 97
	.  error


state 74
	expr : BGE REG REG . JMPLABEL  (22)

	JMPLABEL  shift 98
	.  error


state 75
	expr : LUI REG IMM .  (23)

	.  reduce 23


state 76
	expr : AUIPC REG IMM .  (24)

	.  reduce 24


state 77
	expr : JAL REG JMPLABEL .  (25)

	.  reduce 25


state 78
	expr : JALR REG REG . IMM  (26)

	IMM  shift 99
	.  error


state 79
	expr : ADD REG REG REG .  (3)

	.  reduce 3


state 80
	expr : SUB REG REG REG .  (4)

	.  reduce 4


state 81
	expr : SLL REG REG REG .  (5)

	.  reduce 5


state 82
	expr : SLT REG REG REG .  (6)

	.  reduce 6


state 83
	expr : XOR REG REG REG .  (7)

	.  reduce 7


state 84
	expr : SRL REG REG REG .  (8)

	.  reduce 8


state 85
	expr : SRA REG REG REG .  (9)

	.  reduce 9


state 86
	expr : OR REG REG REG .  (10)

	.  reduce 10


state 87
	expr : ADDI REG REG IMM .  (11)

	.  reduce 11


state 88
	expr : SLTI REG REG IMM .  (12)

	.  reduce 12


state 89
	expr : XORI REG REG IMM .  (13)

	.  reduce 13


state 90
	expr : ORI REG REG IMM .  (14)

	.  reduce 14


state 91
	expr : ANDI REG REG IMM .  (15)

	.  reduce 15


state 92
	expr : SLLI REG REG IMM .  (16)

	.  reduce 16


state 93
	expr : SRLI REG REG IMM .  (17)

	.  reduce 17


state 94
	expr : SRAI REG REG IMM .  (18)

	.  reduce 18


state 95
	expr : BEQ REG REG JMPLABEL .  (19)

	.  reduce 19


state 96
	expr : BNE REG REG JMPLABEL .  (20)

	.  reduce 20


state 97
	expr : BLT REG REG JMPLABEL .  (21)

	.  reduce 21


state 98
	expr : BGE REG REG JMPLABEL .  (22)

	.  reduce 22


state 99
	expr : JALR REG REG IMM .  (26)

	.  reduce 26


35 terminals, 4 nonterminals
28 grammar rules, 100 states
